<?xml version="1.0" encoding="UTF-8"?>
<!-- Generated by org.testng.reporters.JUnitReportReporter -->
<testsuite hostname="Gateway-of-India" failures="0" tests="1" name="com.Actitime.Testscripts.TaskTest" time="12.917" errors="0" timestamp="2023-03-26T12:26:13 IST" skipped="0">
  <testcase classname="com.Actitime.Testscripts.TaskTest" name="task1" time="12.917"/>
  <system-out/>
</testsuite> <!-- com.Actitime.Testscripts.TaskTest -->
